{"E:\\1.SLIIT\\Year_4\\Research\\Dg_Test_Pipes\\src\\Components\\Greeting.jsx": {"path":"E:\\1.SLIIT\\Year_4\\Research\\Dg_Test_Pipes\\src\\Components\\Greeting.jsx","statementMap":{"0":{"start":{"line":3,"column":17},"end":{"line":5,"column":1}},"1":{"start":{"line":4,"column":4},"end":{"line":4,"column":35}}},"fnMap":{"0":{"name":"(anonymous_0)","decl":{"start":{"line":3,"column":17},"end":{"line":3,"column":18}},"loc":{"start":{"line":3,"column":31},"end":{"line":5,"column":1}},"line":3}},"branchMap":{},"s":{"0":1,"1":1},"f":{"0":1},"b":{},"_coverageSchema":"1a1c01bbd47fc00a2c39e90264f33305004495a9","hash":"09e8053b710c90d6672f1dfdc71f3e43f344bc0c"}
}
